2025-05-21 11:21:36.922  INFO 32029 --- [           main] com.aciworldwide.aclabs22.Aclabs22Application : Starting Aclabs22Application using Java 24 on Darios-MacBook-Pro.local with PID 32029 (/Users/dariofriskan/Documents/ACI-LigaACLabs2023-REST/target/classes started by dariofriskan in /Users/dariofriskan/Documents/ACI-LigaACLabs2023-REST)
2025-05-21 11:21:36.924 DEBUG 32029 --- [           main] com.aciworldwide.aclabs22.Aclabs22Application : Running with Spring Boot v2.6.3, Spring v5.3.15
2025-05-21 11:21:36.925  INFO 32029 --- [           main] com.aciworldwide.aclabs22.Aclabs22Application : No active profile set, falling back to default profiles: default
2025-05-21 11:21:37.374 DEBUG 32029 --- [           main] com.aciworldwide.aclabs22.utils.JWTAuthenticationFilter : Filter 'JWTAuthenticationFilter' configured for use
2025-05-21 11:21:38.137  INFO 32029 --- [           main] com.aciworldwide.aclabs22.Aclabs22Application : Started Aclabs22Application in 1.332 seconds (JVM running for 1.821)
2025-05-21 11:22:09.627  INFO 32029 --- [nio-8080-exec-1] com.aciworldwide.aclabs22.controllers.LoginController : Processing login: admin with pwd ad
2025-05-21 11:22:09.675  INFO 32029 --- [nio-8080-exec-1] com.aciworldwide.aclabs22.services.UserService : null
2025-05-21 11:22:12.800  INFO 32029 --- [nio-8080-exec-2] com.aciworldwide.aclabs22.controllers.LoginController : Processing login: admin with pwd admin
2025-05-21 11:22:12.814  INFO 32029 --- [nio-8080-exec-2] com.aciworldwide.aclabs22.services.UserService : com.aciworldwide.aclabs22.entities.UserModel@52912968
2025-05-21 11:22:29.301  INFO 32029 --- [nio-8080-exec-6] com.aciworldwide.aclabs22.controllers.TransactionController : Received transaction request: TransactionDTO(cardNumber=1234000000056789, amount=1.0, timestamp=2025-05-21 11:22:29.291)
2025-05-21 11:22:29.308 ERROR 32029 --- [nio-8080-exec-6] com.aciworldwide.aclabs22.helpers.ValidationHelper : Validation failed with status: LUHN_ALGORITHM_FAILED and message: Card number failed on Luhn algorithm.
2025-05-21 11:22:29.308 ERROR 32029 --- [nio-8080-exec-6] com.aciworldwide.aclabs22.services.TransactionService : Transaction rejected by application. Bad Request: Card number failed on Luhn algorithm.
2025-05-21 11:22:38.971  INFO 32029 --- [nio-8080-exec-7] com.aciworldwide.aclabs22.controllers.TransactionController : Received transaction request: TransactionDTO(cardNumber=1234567812345670, amount=1.0, timestamp=2025-05-21 11:22:38.965)
2025-05-21 11:22:38.978  INFO 32029 --- [nio-8080-exec-7] com.aciworldwide.aclabs22.helpers.ValidationHelper : Validation succeeded with status: DAILY_TX_LIMIT_EXCEEDED and message: Daily transaction limit exceeded
2025-05-21 11:22:39.002  INFO 32029 --- [nio-8080-exec-7] com.aciworldwide.aclabs22.services.TransactionService : Transaction saved: 3125
2025-05-21 11:22:48.289  INFO 32029 --- [nio-8080-exec-8] com.aciworldwide.aclabs22.controllers.TransactionController : Received transaction request: TransactionDTO(cardNumber=1111222233334444, amount=1.0, timestamp=2025-05-21 11:22:48.284)
2025-05-21 11:22:48.293  INFO 32029 --- [nio-8080-exec-8] com.aciworldwide.aclabs22.helpers.ValidationHelper : Validation succeeded with status: APPROVED and message: Transaction approved
2025-05-21 11:22:48.303  INFO 32029 --- [nio-8080-exec-8] com.aciworldwide.aclabs22.services.TransactionService : Transaction saved: 3126
2025-05-21 11:43:23.171  INFO 32434 --- [           main] com.aciworldwide.aclabs22.Aclabs22Application : Starting Aclabs22Application using Java 24 on Darios-MacBook-Pro.local with PID 32434 (/Users/dariofriskan/Documents/ACI-LigaACLabs2023-REST/target/classes started by dariofriskan in /Users/dariofriskan/Documents/ACI-LigaACLabs2023-REST)
2025-05-21 11:43:23.174 DEBUG 32434 --- [           main] com.aciworldwide.aclabs22.Aclabs22Application : Running with Spring Boot v2.6.3, Spring v5.3.15
2025-05-21 11:43:23.174  INFO 32434 --- [           main] com.aciworldwide.aclabs22.Aclabs22Application : No active profile set, falling back to default profiles: default
2025-05-21 11:43:23.655 DEBUG 32434 --- [           main] com.aciworldwide.aclabs22.utils.JWTAuthenticationFilter : Filter 'JWTAuthenticationFilter' configured for use
2025-05-21 11:43:24.431  INFO 32434 --- [           main] com.aciworldwide.aclabs22.Aclabs22Application : Started Aclabs22Application in 1.383 seconds (JVM running for 1.84)
2025-05-21 11:43:35.526  INFO 32434 --- [nio-8080-exec-1] com.aciworldwide.aclabs22.controllers.LoginController : Processing login: dario with pwd dario
2025-05-21 11:43:35.573  INFO 32434 --- [nio-8080-exec-1] com.aciworldwide.aclabs22.services.UserService : com.aciworldwide.aclabs22.entities.UserModel@31b0d7ae
2025-05-21 11:43:47.534  INFO 32434 --- [nio-8080-exec-3] com.aciworldwide.aclabs22.controllers.LoginController : Processing login: da with pwd dadada
2025-05-21 11:43:47.538  INFO 32434 --- [nio-8080-exec-3] com.aciworldwide.aclabs22.services.UserService : null
